<?xml version="1.0" encoding="UTF-8"?>
<!-- Generated by org.testng.reporters.JUnitReportReporter -->
<testsuite hostname="MDL-174-1QCL9X2" failures="0" tests="1" name="TsetCases.SignUpPageTests" time="23.928" errors="0" timestamp="2021-11-25T14:12:09 IST" skipped="0">
  <testcase classname="TsetCases.SignUpPageTests" name="Register" time="23.928"/>
  <system-out/>
</testsuite> <!-- TsetCases.SignUpPageTests -->
