<?xml version="1.0" encoding="UTF-8"?>
<!-- Generated by org.testng.reporters.JUnitReportReporter -->
<testsuite hostname="MDL-174-1QCL9X2" failures="0" tests="2" name="TsetCases.LoginPageTests" time="12.050" errors="0" timestamp="2021-11-25T14:12:09 IST" skipped="0">
  <testcase classname="TsetCases.LoginPageTests" name="loginTest" time="12.039"/>
  <system-out/>
  <testcase classname="TsetCases.LoginPageTests" name="loginPageTitleTest" time="0.011"/>
  <system-out/>
</testsuite> <!-- TsetCases.LoginPageTests -->
